0 info it worked if it ends with ok
1 verbose cli [ 'C:\\Program Files\\nodejs\\node.exe',
1 verbose cli   'C:\\Program Files\\nodejs\\node_modules\\npm\\bin\\npm-cli.js',
1 verbose cli   'install',
1 verbose cli   '--save-dev',
1 verbose cli   'express-livereload' ]
2 info using npm@3.10.3
3 info using node@v6.3.1
4 silly loadCurrentTree Starting
5 silly install loadCurrentTree
6 silly install readLocalPackageData
7 silly fetchPackageMetaData express-livereload
8 silly fetchNamedPackageData express-livereload
9 silly mapToRegistry name express-livereload
10 silly mapToRegistry using default registry
11 silly mapToRegistry registry https://registry.npmjs.org/
12 silly mapToRegistry data Result {
12 silly mapToRegistry   raw: 'express-livereload',
12 silly mapToRegistry   scope: null,
12 silly mapToRegistry   escapedName: 'express-livereload',
12 silly mapToRegistry   name: 'express-livereload',
12 silly mapToRegistry   rawSpec: '',
12 silly mapToRegistry   spec: 'latest',
12 silly mapToRegistry   type: 'tag' }
13 silly mapToRegistry uri https://registry.npmjs.org/express-livereload
14 verbose request uri https://registry.npmjs.org/express-livereload
15 verbose request no auth needed
16 info attempt registry request try #1 at 17:51:32
17 verbose request id 2a789ccba5646757
18 http request GET https://registry.npmjs.org/express-livereload
19 http 200 https://registry.npmjs.org/express-livereload
20 verbose headers { server: 'CouchDB/1.5.0 (Erlang OTP/R16B03)',
20 verbose headers   etag: '"9ZU9W6THDA6NM8XUKXUITVWWO"',
20 verbose headers   'content-type': 'application/json',
20 verbose headers   'content-encoding': 'gzip',
20 verbose headers   'cache-control': 'max-age=300',
20 verbose headers   'content-length': '1699',
20 verbose headers   'accept-ranges': 'bytes',
20 verbose headers   date: 'Wed, 24 Aug 2016 20:51:33 GMT',
20 verbose headers   via: '1.1 varnish',
20 verbose headers   age: '0',
20 verbose headers   connection: 'close',
20 verbose headers   'x-served-by': 'cache-iad2648-IAD',
20 verbose headers   'x-cache': 'MISS',
20 verbose headers   'x-cache-hits': '0',
20 verbose headers   'x-timer': 'S1472071893.496711,VS0,VE400',
20 verbose headers   vary: 'Accept-Encoding' }
21 silly get cb [ 200,
21 silly get   { server: 'CouchDB/1.5.0 (Erlang OTP/R16B03)',
21 silly get     etag: '"9ZU9W6THDA6NM8XUKXUITVWWO"',
21 silly get     'content-type': 'application/json',
21 silly get     'content-encoding': 'gzip',
21 silly get     'cache-control': 'max-age=300',
21 silly get     'content-length': '1699',
21 silly get     'accept-ranges': 'bytes',
21 silly get     date: 'Wed, 24 Aug 2016 20:51:33 GMT',
21 silly get     via: '1.1 varnish',
21 silly get     age: '0',
21 silly get     connection: 'close',
21 silly get     'x-served-by': 'cache-iad2648-IAD',
21 silly get     'x-cache': 'MISS',
21 silly get     'x-cache-hits': '0',
21 silly get     'x-timer': 'S1472071893.496711,VS0,VE400',
21 silly get     vary: 'Accept-Encoding' } ]
22 verbose get saving express-livereload to d:\Users\fredericomartins\AppData\Roaming\npm-cache\registry.npmjs.org\express-livereload\.cache.json
23 verbose correctMkdir d:\Users\fredericomartins\AppData\Roaming\npm-cache correctMkdir not in flight; initializing
24 silly install normalizeTree
25 silly loadCurrentTree Finishing
26 silly loadIdealTree Starting
27 silly install loadIdealTree
28 silly cloneCurrentTree Starting
29 silly install cloneCurrentTreeToIdealTree
30 silly cloneCurrentTree Finishing
31 silly loadShrinkwrap Starting
32 silly install loadShrinkwrap
33 silly loadShrinkwrap Finishing
34 silly loadAllDepsIntoIdealTree Starting
35 silly install loadAllDepsIntoIdealTree
36 silly resolveWithNewModule express-livereload@0.0.24 checking installable status
37 silly cache add args [ 'express-livereload', null ]
38 verbose cache add spec express-livereload
39 silly cache add parsed spec Result {
39 silly cache add   raw: 'express-livereload',
39 silly cache add   scope: null,
39 silly cache add   escapedName: 'express-livereload',
39 silly cache add   name: 'express-livereload',
39 silly cache add   rawSpec: '',
39 silly cache add   spec: 'latest',
39 silly cache add   type: 'tag' }
40 silly addNamed express-livereload@latest
41 verbose addNamed "latest" is being treated as a dist-tag for express-livereload
42 info addNameTag [ 'express-livereload', 'latest' ]
43 silly mapToRegistry name express-livereload
44 silly mapToRegistry using default registry
45 silly mapToRegistry registry https://registry.npmjs.org/
46 silly mapToRegistry data Result {
46 silly mapToRegistry   raw: 'express-livereload',
46 silly mapToRegistry   scope: null,
46 silly mapToRegistry   escapedName: 'express-livereload',
46 silly mapToRegistry   name: 'express-livereload',
46 silly mapToRegistry   rawSpec: '',
46 silly mapToRegistry   spec: 'latest',
46 silly mapToRegistry   type: 'tag' }
47 silly mapToRegistry uri https://registry.npmjs.org/express-livereload
48 verbose addNameTag registry:https://registry.npmjs.org/express-livereload not in flight; fetching
49 verbose get https://registry.npmjs.org/express-livereload not expired, no request
50 silly addNameTag next cb for express-livereload with tag latest
51 silly addNamed express-livereload@0.0.24
52 verbose addNamed "0.0.24" is a plain semver version for express-livereload
53 silly mapToRegistry name express-livereload
54 silly mapToRegistry using default registry
55 silly mapToRegistry registry https://registry.npmjs.org/
56 silly mapToRegistry data Result {
56 silly mapToRegistry   raw: 'express-livereload',
56 silly mapToRegistry   scope: null,
56 silly mapToRegistry   escapedName: 'express-livereload',
56 silly mapToRegistry   name: 'express-livereload',
56 silly mapToRegistry   rawSpec: '',
56 silly mapToRegistry   spec: 'latest',
56 silly mapToRegistry   type: 'tag' }
57 silly mapToRegistry uri https://registry.npmjs.org/express-livereload
58 verbose addRemoteTarball https://registry.npmjs.org/express-livereload/-/express-livereload-0.0.24.tgz not in flight; adding
59 verbose addRemoteTarball [ 'https://registry.npmjs.org/express-livereload/-/express-livereload-0.0.24.tgz',
59 verbose addRemoteTarball   'bec81ff0a7302c8f62db4787a677fc2a8a9ca252' ]
60 info retry fetch attempt 1 at 17:51:34
61 info attempt registry request try #1 at 17:51:34
62 http fetch GET https://registry.npmjs.org/express-livereload/-/express-livereload-0.0.24.tgz
63 http fetch 200 https://registry.npmjs.org/express-livereload/-/express-livereload-0.0.24.tgz
64 silly fetchAndShaCheck shasum bec81ff0a7302c8f62db4787a677fc2a8a9ca252
65 verbose addTmpTarball d:\Users\FREDER~1\AppData\Local\Temp\npm-4236-58378309\registry.npmjs.org\express-livereload\-\express-livereload-0.0.24.tgz not in flight; adding
66 verbose addTmpTarball already have metadata; skipping unpack for express-livereload@0.0.24
67 verbose correctMkdir d:\Users\fredericomartins\AppData\Roaming\npm-cache correctMkdir not in flight; initializing
68 silly cache afterAdd express-livereload@0.0.24
69 verbose afterAdd d:\Users\fredericomartins\AppData\Roaming\npm-cache\express-livereload\0.0.24\package\package.json not in flight; writing
70 verbose correctMkdir d:\Users\fredericomartins\AppData\Roaming\npm-cache correctMkdir not in flight; initializing
71 verbose afterAdd d:\Users\fredericomartins\AppData\Roaming\npm-cache\express-livereload\0.0.24\package\package.json written
72 silly fetchOtherPackageData livereload@git://github.com/mnmly/node-livereload.git
73 silly cache add args [ 'livereload@git://github.com/mnmly/node-livereload.git',
73 silly cache add   null ]
74 verbose cache add spec livereload@git://github.com/mnmly/node-livereload.git
75 silly cache add parsed spec Result {
75 silly cache add   raw: 'livereload@git://github.com/mnmly/node-livereload.git',
75 silly cache add   scope: null,
75 silly cache add   escapedName: 'livereload',
75 silly cache add   name: 'livereload',
75 silly cache add   rawSpec: 'git://github.com/mnmly/node-livereload.git',
75 silly cache add   spec: 'git://github.com/mnmly/node-livereload.git',
75 silly cache add   type: 'hosted',
75 silly cache add   hosted:
75 silly cache add    { type: 'github',
75 silly cache add      ssh: 'git@github.com:mnmly/node-livereload.git',
75 silly cache add      sshUrl: 'git+ssh://git@github.com/mnmly/node-livereload.git',
75 silly cache add      httpsUrl: 'git+https://github.com/mnmly/node-livereload.git',
75 silly cache add      gitUrl: 'git://github.com/mnmly/node-livereload.git',
75 silly cache add      shortcut: 'github:mnmly/node-livereload',
75 silly cache add      directUrl: 'https://raw.githubusercontent.com/mnmly/node-livereload/master/package.json' } }
76 verbose addRemoteGit caching git://github.com/mnmly/node-livereload.git
77 verbose addRemoteGit git://github.com/mnmly/node-livereload.git is a repository hosted by github
78 silly tryClone cloning git://github.com/mnmly/node-livereload.git via git://github.com/mnmly/node-livereload.git
79 verbose tryClone git-github-com-mnmly-node-livereload-git-6701ba88 not in flight; caching
80 verbose correctMkdir d:\Users\fredericomartins\AppData\Roaming\npm-cache\_git-remotes correctMkdir not in flight; initializing
81 info git [ 'clone',
81 info git   '--template=d:\\Users\\fredericomartins\\AppData\\Roaming\\npm-cache\\_git-remotes\\_templates',
81 info git   '--mirror',
81 info git   'git://github.com/mnmly/node-livereload.git',
81 info git   'd:\\Users\\fredericomartins\\AppData\\Roaming\\npm-cache\\_git-remotes\\git-github-com-mnmly-node-livereload-git-6701ba88' ]
82 error git clone --template=d:\Users\fredericomartins\AppData\Roaming\npm-cache\_git-remotes\_templates --mirror git://github.com/mnmly/node-livereload.git d:\Users\fredericomartins\AppData\Roaming\npm-cache\_git-remotes\git-github-com-mnmly-node-livereload-git-6701ba88: Cloning into bare repository 'd:\Users\fredericomartins\AppData\Roaming\npm-cache\_git-remotes\git-github-com-mnmly-node-livereload-git-6701ba88'...
82 error git clone --template=d:\Users\fredericomartins\AppData\Roaming\npm-cache\_git-remotes\_templates --mirror git://github.com/mnmly/node-livereload.git d:\Users\fredericomartins\AppData\Roaming\npm-cache\_git-remotes\git-github-com-mnmly-node-livereload-git-6701ba88: fatal: unable to connect to github.com:
82 error git clone --template=d:\Users\fredericomartins\AppData\Roaming\npm-cache\_git-remotes\_templates --mirror git://github.com/mnmly/node-livereload.git d:\Users\fredericomartins\AppData\Roaming\npm-cache\_git-remotes\git-github-com-mnmly-node-livereload-git-6701ba88: github.com[0: 192.30.253.112]: errno=No error
83 silly fetchPackageMetaData Error: Command failed: git -c core.longpaths=true clone --template=d:\Users\fredericomartins\AppData\Roaming\npm-cache\_git-remotes\_templates --mirror git://github.com/mnmly/node-livereload.git d:\Users\fredericomartins\AppData\Roaming\npm-cache\_git-remotes\git-github-com-mnmly-node-livereload-git-6701ba88
83 silly fetchPackageMetaData Cloning into bare repository 'd:\Users\fredericomartins\AppData\Roaming\npm-cache\_git-remotes\git-github-com-mnmly-node-livereload-git-6701ba88'...
83 silly fetchPackageMetaData fatal: unable to connect to github.com:
83 silly fetchPackageMetaData github.com[0: 192.30.253.112]: errno=No error
83 silly fetchPackageMetaData
83 silly fetchPackageMetaData
83 silly fetchPackageMetaData     at ChildProcess.exithandler (child_process.js:202:12)
83 silly fetchPackageMetaData     at emitTwo (events.js:106:13)
83 silly fetchPackageMetaData     at ChildProcess.emit (events.js:191:7)
83 silly fetchPackageMetaData     at maybeClose (internal/child_process.js:852:16)
83 silly fetchPackageMetaData     at Process.ChildProcess._handle.onexit (internal/child_process.js:215:5)
83 silly fetchPackageMetaData  error for livereload@git://github.com/mnmly/node-livereload.git { Error: Command failed: git -c core.longpaths=true clone --template=d:\Users\fredericomartins\AppData\Roaming\npm-cache\_git-remotes\_templates --mirror git://github.com/mnmly/node-livereload.git d:\Users\fredericomartins\AppData\Roaming\npm-cache\_git-remotes\git-github-com-mnmly-node-livereload-git-6701ba88
83 silly fetchPackageMetaData Cloning into bare repository 'd:\Users\fredericomartins\AppData\Roaming\npm-cache\_git-remotes\git-github-com-mnmly-node-livereload-git-6701ba88'...
83 silly fetchPackageMetaData fatal: unable to connect to github.com:
83 silly fetchPackageMetaData github.com[0: 192.30.253.112]: errno=No error
83 silly fetchPackageMetaData
83 silly fetchPackageMetaData
83 silly fetchPackageMetaData     at ChildProcess.exithandler (child_process.js:202:12)
83 silly fetchPackageMetaData     at emitTwo (events.js:106:13)
83 silly fetchPackageMetaData     at ChildProcess.emit (events.js:191:7)
83 silly fetchPackageMetaData     at maybeClose (internal/child_process.js:852:16)
83 silly fetchPackageMetaData     at Process.ChildProcess._handle.onexit (internal/child_process.js:215:5)
83 silly fetchPackageMetaData   killed: false,
83 silly fetchPackageMetaData   code: 128,
83 silly fetchPackageMetaData   signal: null,
83 silly fetchPackageMetaData   cmd: 'git -c core.longpaths=true clone --template=d:\\Users\\fredericomartins\\AppData\\Roaming\\npm-cache\\_git-remotes\\_templates --mirror git://github.com/mnmly/node-livereload.git d:\\Users\\fredericomartins\\AppData\\Roaming\\npm-cache\\_git-remotes\\git-github-com-mnmly-node-livereload-git-6701ba88' }
84 silly rollbackFailedOptional Starting
85 silly rollbackFailedOptional Finishing
86 silly runTopLevelLifecycles Starting
87 silly runTopLevelLifecycles Finishing
88 silly install printInstalled
89 verbose stack Error: Command failed: git -c core.longpaths=true clone --template=d:\Users\fredericomartins\AppData\Roaming\npm-cache\_git-remotes\_templates --mirror git://github.com/mnmly/node-livereload.git d:\Users\fredericomartins\AppData\Roaming\npm-cache\_git-remotes\git-github-com-mnmly-node-livereload-git-6701ba88
89 verbose stack Cloning into bare repository 'd:\Users\fredericomartins\AppData\Roaming\npm-cache\_git-remotes\git-github-com-mnmly-node-livereload-git-6701ba88'...
89 verbose stack fatal: unable to connect to github.com:
89 verbose stack github.com[0: 192.30.253.112]: errno=No error
89 verbose stack
89 verbose stack
89 verbose stack     at ChildProcess.exithandler (child_process.js:202:12)
89 verbose stack     at emitTwo (events.js:106:13)
89 verbose stack     at ChildProcess.emit (events.js:191:7)
89 verbose stack     at maybeClose (internal/child_process.js:852:16)
89 verbose stack     at Process.ChildProcess._handle.onexit (internal/child_process.js:215:5)
90 verbose cwd d:\Users\fredericomartins\Node\ecopif_angular2_ts
91 error Windows_NT 6.1.7601
92 error argv "C:\\Program Files\\nodejs\\node.exe" "C:\\Program Files\\nodejs\\node_modules\\npm\\bin\\npm-cli.js" "install" "--save-dev" "express-livereload"
93 error node v6.3.1
94 error npm  v3.10.3
95 error code 128
96 error Command failed: git -c core.longpaths=true clone --template=d:\Users\fredericomartins\AppData\Roaming\npm-cache\_git-remotes\_templates --mirror git://github.com/mnmly/node-livereload.git d:\Users\fredericomartins\AppData\Roaming\npm-cache\_git-remotes\git-github-com-mnmly-node-livereload-git-6701ba88
96 error Cloning into bare repository 'd:\Users\fredericomartins\AppData\Roaming\npm-cache\_git-remotes\git-github-com-mnmly-node-livereload-git-6701ba88'...
96 error fatal: unable to connect to github.com:
96 error github.com[0: 192.30.253.112]: errno=No error
97 error If you need help, you may report this error at:
97 error     <https://github.com/npm/npm/issues>
98 verbose exit [ 1, true ]
